********************************************************************************
PACKAGE-LOG: 2015-09-10 21:16:14
NOTICE: Do NOT post to public sites or forums 
********************************************************************************
VERSION:	0.5.28
WORDPRESS:	4.2.4
PHP INFO:	5.6.11 | SAPI: apache2handler
SERVER:		Apache/2.4.12 (Unix) OpenSSL/1.0.1p PHP/5.6.11 mod_perl/2.0.8-dev Perl/v5.16.3 
PHP TIME LIMIT: (0) no time limit imposed 
PHP MAX MEMORY: 5000M (128M default) 
MEMORY STACK: 25MB 

********************************************************************************
DATABASE:
********************************************************************************
BUILD MODE:   PHP (query limit - 100)
MYSQLDUMP:    Is Supported
MYSQLTIMEOUT: 5000 
TABLES: total:20 | filtered:0 | create:20 
FILTERED: [] 
SQL CREATED: 20150910_blaycation_55f1f2f7e9b676465150910211535_database.sql 
SQL FILE SIZE: 1.18MB 
SQL FILE TIME: 2015-09-10 21:16:14 
SQL RUNTIME: 0.13 sec. 

******************************************************************************** 
ARCHIVE (ZIP): 
******************************************************************************** 
ARCHIVE DIR:  /Applications/XAMPP/xamppfiles/htdocs/blaycation/bower_components/wordpress 
ARCHIVE FILE: 20150910_blaycation_55f1f2f7e9b676465150910211535_archive.zip 
FILTERS: *ON* 
DIRS:  /Applications/XAMPP/xamppfiles/htdocs/blaycation/bower_components/wordpress/wp-content/uploads;/Applications/XAMPP/xamppfiles/htdocs/blaycation/bower_components/wordpress/wp-content/cache;/Applications/XAMPP/xamppfiles/htdocs/blaycation/bower_components/wordpress/.git;/Applications/XAMPP/xamppfiles/htdocs/blaycation/bower_components/wordpress/wp-snapshots; 
EXTS:  not set 
---------------------------------------- 
COMPRESSING 
SIZE:	27.84MB 
STATS:	Dirs 171 | Files 1,664 
SQL ADDED: 20150910_blaycation_55f1f2f7e9b676465150910211535_database.sql 
ZipArchive Object
(
    [status] => 0
    [statusSys] => 0
    [numFiles] => 1835
    [filename] => /Applications/XAMPP/xamppfiles/htdocs/blaycation/bower_components/wordpress/wp-snapshots/tmp/20150910_blaycation_55f1f2f7e9b676465150910211535_archive.zip
    [comment] => 
)
 
COMPRESSION RESULT: '1' 
COMPRESSED SIZE: 10.28MB 
ARCHIVE RUNTIME: 2.93 sec. 
MEMORY STACK: 26.25MB 

******************************************************************************** 
MAKE INSTALLER: 
******************************************************************************** 
Build Start 
Build Finished 
Preping for use 
Template parsed with new data 
Complete [/Applications/XAMPP/xamppfiles/htdocs/blaycation/bower_components/wordpress/wp-snapshots/tmp/20150910_blaycation_55f1f2f7e9b676465150910211535_installer.php] 
Added to archive 

******************************************************************************** 
INTEGRITY CHECKS: 
******************************************************************************** 
SQL File: 1.18MB 
Installer File: 317.79KB 
Archive File: 10.28MB  

********************************************************************************
RECORD ID:[2]
TOTAL PROCESS RUNTIME: 3.28 sec.
PEAK PHP MEMORY USED: 28.75MB
DONE PROCESSING => 20150910_blaycation 2015-09-10 21:16:17
 
